# JRE version: OpenJDK Runtime Environment (11.0.13) (build 11.0.13+0-b1751.21-8125866)
# Java VM: OpenJDK 64-Bit Server VM (11.0.13+0-b1751.21-8125866, mixed mode, tiered, compressed oops, g1 gc, windows-amd64)
Heap:
 garbage-first heap   total 189440K, used 155753K [0x0000000080000000, 0x0000000100000000)
  region size 1024K, 24 young (24576K), 1 survivors (1024K)
 Metaspace       used 87436K, capacity 89636K, committed 89776K, reserved 1126400K
  class space    used 11262K, capacity 12029K, committed 12032K, reserved 1048576K
GC Heap History (20 events):
Event: 20.683 GC heap before
{Heap before GC invocations=17 (full 0):
 garbage-first heap   total 189440K, used 98271K [0x0000000080000000, 0x0000000100000000)
  region size 1024K, 7 young (7168K), 4 survivors (4096K)
 Metaspace       used 68426K, capacity 70318K, committed 70576K, reserved 1110016K
  class space    used 8685K, capacity 9350K, committed 9472K, reserved 1048576K
}
Event: 20.696 GC heap after
{Heap after GC invocations=18 (full 0):
 garbage-first heap   total 189440K, used 97446K [0x0000000080000000, 0x0000000100000000)
  region size 1024K, 5 young (5120K), 5 survivors (5120K)
 Metaspace       used 68426K, capacity 70318K, committed 70576K, reserved 1110016K
  class space    used 8685K, capacity 9350K, committed 9472K, reserved 1048576K
}
Event: 21.089 GC heap before
{Heap before GC invocations=19 (full 0):
 garbage-first heap   total 189440K, used 107686K [0x0000000080000000, 0x0000000100000000)
  region size 1024K, 12 young (12288K), 5 survivors (5120K)
 Metaspace       used 68389K, capacity 70265K, committed 70576K, reserved 1110016K
  class space    used 8670K, capacity 9330K, committed 9472K, reserved 1048576K
}
Event: 21.107 GC heap after
{Heap after GC invocations=20 (full 0):
 garbage-first heap   total 189440K, used 101370K [0x0000000080000000, 0x0000000100000000)
  region size 1024K, 4 young (4096K), 4 survivors (4096K)
 Metaspace       used 68389K, capacity 70265K, committed 70576K, reserved 1110016K
  class space    used 8670K, capacity 9330K, committed 9472K, reserved 1048576K
}
Event: 22.801 GC heap before
{Heap before GC invocations=21 (full 0):
 garbage-first heap   total 189440K, used 136186K [0x0000000080000000, 0x0000000100000000)
  region size 1024K, 36 young (36864K), 4 survivors (4096K)
 Metaspace       used 70959K, capacity 72777K, committed 72880K, reserved 1112064K
  class space    used 8991K, capacity 9627K, committed 9728K, reserved 1048576K
}
Event: 22.808 GC heap after
{Heap after GC invocations=22 (full 0):
 garbage-first heap   total 189440K, used 101223K [0x0000000080000000, 0x0000000100000000)
  region size 1024K, 3 young (3072K), 3 survivors (3072K)
 Metaspace       used 70959K, capacity 72777K, committed 72880K, reserved 1112064K
  class space    used 8991K, capacity 9627K, committed 9728K, reserved 1048576K
}
Event: 23.368 GC heap before
{Heap before GC invocations=22 (full 0):
 garbage-first heap   total 189440K, used 114535K [0x0000000080000000, 0x0000000100000000)
  region size 1024K, 17 young (17408K), 3 survivors (3072K)
 Metaspace       used 72066K, capacity 73842K, committed 74032K, reserved 1114112K
  class space    used 9145K, capacity 9789K, committed 9856K, reserved 1048576K
}
Event: 23.375 GC heap after
{Heap after GC invocations=23 (full 0):
 garbage-first heap   total 189440K, used 102385K [0x0000000080000000, 0x0000000100000000)
  region size 1024K, 4 young (4096K), 4 survivors (4096K)
 Metaspace       used 72066K, capacity 73842K, committed 74032K, reserved 1114112K
  class space    used 9145K, capacity 9789K, committed 9856K, reserved 1048576K
}
Event: 25.223 GC heap before
{Heap before GC invocations=24 (full 0):
 garbage-first heap   total 189440K, used 138225K [0x0000000080000000, 0x0000000100000000)
  region size 1024K, 39 young (39936K), 4 survivors (4096K)
 Metaspace       used 73160K, capacity 75152K, committed 75312K, reserved 1114112K
  class space    used 9304K, capacity 10006K, committed 10112K, reserved 1048576K
}
Event: 25.232 GC heap after
{Heap after GC invocations=25 (full 0):
 garbage-first heap   total 189440K, used 101333K [0x0000000080000000, 0x0000000100000000)
  region size 1024K, 4 young (4096K), 4 survivors (4096K)
 Metaspace       used 73160K, capacity 75152K, committed 75312K, reserved 1114112K
  class space    used 9304K, capacity 10006K, committed 10112K, reserved 1048576K
}
Event: 26.191 GC heap before
{Heap before GC invocations=25 (full 0):
 garbage-first heap   total 189440K, used 140245K [0x0000000080000000, 0x0000000100000000)
  region size 1024K, 42 young (43008K), 4 survivors (4096K)
 Metaspace       used 75957K, capacity 77878K, committed 78000K, reserved 1116160K
  class space    used 9735K, capacity 10423K, committed 10496K, reserved 1048576K
}
Event: 26.205 GC heap after
{Heap after GC invocations=26 (full 0):
 garbage-first heap   total 189440K, used 103239K [0x0000000080000000, 0x0000000100000000)
  region size 1024K, 6 young (6144K), 6 survivors (6144K)
 Metaspace       used 75957K, capacity 77878K, committed 78000K, reserved 1116160K
  class space    used 9735K, capacity 10423K, committed 10496K, reserved 1048576K
}
Event: 27.546 GC heap before
{Heap before GC invocations=27 (full 0):
 garbage-first heap   total 189440K, used 141127K [0x0000000080000000, 0x0000000100000000)
  region size 1024K, 44 young (45056K), 6 survivors (6144K)
 Metaspace       used 80053K, capacity 82009K, committed 82224K, reserved 1120256K
  class space    used 10377K, capacity 11061K, committed 11136K, reserved 1048576K
}
Event: 27.563 GC heap after
{Heap after GC invocations=28 (full 0):
 garbage-first heap   total 189440K, used 106060K [0x0000000080000000, 0x0000000100000000)
  region size 1024K, 5 young (5120K), 5 survivors (5120K)
 Metaspace       used 80053K, capacity 82009K, committed 82224K, reserved 1120256K
  class space    used 10377K, capacity 11061K, committed 11136K, reserved 1048576K
}
Event: 29.548 GC heap before
{Heap before GC invocations=29 (full 0):
 garbage-first heap   total 189440K, used 166476K [0x0000000080000000, 0x0000000100000000)
  region size 1024K, 46 young (47104K), 5 survivors (5120K)
 Metaspace       used 82288K, capacity 84534K, committed 84656K, reserved 1122304K
  class space    used 10702K, capacity 11509K, committed 11520K, reserved 1048576K
}
Event: 29.561 GC heap after
{Heap after GC invocations=30 (full 0):
 garbage-first heap   total 189440K, used 132673K [0x0000000080000000, 0x0000000100000000)
  region size 1024K, 6 young (6144K), 6 survivors (6144K)
 Metaspace       used 82288K, capacity 84534K, committed 84656K, reserved 1122304K
  class space    used 10702K, capacity 11509K, committed 11520K, reserved 1048576K
}
Event: 29.837 GC heap before
{Heap before GC invocations=30 (full 0):
 garbage-first heap   total 189440K, used 159297K [0x0000000080000000, 0x0000000100000000)
  region size 1024K, 32 young (32768K), 6 survivors (6144K)
 Metaspace       used 82992K, capacity 85184K, committed 85296K, reserved 1122304K
  class space    used 10781K, capacity 11613K, committed 11648K, reserved 1048576K
}
Event: 29.848 GC heap after
{Heap after GC invocations=31 (full 0):
 garbage-first heap   total 189440K, used 133125K [0x0000000080000000, 0x0000000100000000)
  region size 1024K, 1 young (1024K), 1 survivors (1024K)
 Metaspace       used 82992K, capacity 85184K, committed 85296K, reserved 1122304K
  class space    used 10781K, capacity 11613K, committed 11648K, reserved 1048576K
}
Event: 30.210 GC heap before
{Heap before GC invocations=32 (full 0):
 garbage-first heap   total 189440K, used 159749K [0x0000000080000000, 0x0000000100000000)
  region size 1024K, 27 young (27648K), 1 survivors (1024K)
 Metaspace       used 84850K, capacity 87016K, committed 87216K, reserved 1124352K
  class space    used 10912K, capacity 11733K, committed 11776K, reserved 1048576K
}
Event: 30.214 GC heap after
{Heap after GC invocations=33 (full 0):
 garbage-first heap   total 189440K, used 133225K [0x0000000080000000, 0x0000000100000000)
  region size 1024K, 1 young (1024K), 1 survivors (1024K)
 Metaspace       used 84850K, capacity 87016K, committed 87216K, reserved 1124352K
  class space    used 10912K, capacity 11733K, committed 11776K, reserved 1048576K
}

